Flow report for BuscaMinas
Tue Oct 17 22:49:40 2023
Quartus Prime Version 22.1std.1 Build 917 02/14/2023 SC Lite Edition


---------------------
; Table of Contents ;
---------------------
  1. Legal Notice
  2. Flow Summary
  3. Flow Settings
  4. Flow Non-Default Global Settings
  5. Flow Elapsed Time
  6. Flow OS Summary
  7. Flow Log
  8. Flow Messages
  9. Flow Suppressed Messages



----------------
; Legal Notice ;
----------------
Copyright (C) 2023  Intel Corporation. All rights reserved.
Your use of Intel Corporation's design tools, logic functions 
and other software and tools, and any partner logic 
functions, and any output files from any of the foregoing 
(including device programming or simulation files), and any 
associated documentation or information are expressly subject 
to the terms and conditions of the Intel Program License 
Subscription Agreement, the Intel Quartus Prime License Agreement,
the Intel FPGA IP License Agreement, or other applicable license
agreement, including, without limitation, that your use is for
the sole purpose of programming logic devices manufactured by
Intel and sold by Intel or its authorized distributors.  Please
refer to the applicable agreement for further details, at
https://fpgasoftware.intel.com/eula.



+----------------------------------------------------------------------------------+
; Flow Summary                                                                     ;
+---------------------------------+------------------------------------------------+
; Flow Status                     ; Successful - Tue Oct 17 22:49:40 2023          ;
; Quartus Prime Version           ; 22.1std.1 Build 917 02/14/2023 SC Lite Edition ;
; Revision Name                   ; BuscaMinas                                     ;
; Top-level Entity Name           ; BuscaMinas                                     ;
; Family                          ; Cyclone V                                      ;
; Device                          ; 5CSEMA5F31C6                                   ;
; Timing Models                   ; Final                                          ;
; Logic utilization (in ALMs)     ; 110 / 32,070 ( < 1 % )                         ;
; Total registers                 ; 78                                             ;
; Total pins                      ; 51 / 457 ( 11 % )                              ;
; Total virtual pins              ; 0                                              ;
; Total block memory bits         ; 0 / 4,065,280 ( 0 % )                          ;
; Total DSP Blocks                ; 0 / 87 ( 0 % )                                 ;
; Total HSSI RX PCSs              ; 0                                              ;
; Total HSSI PMA RX Deserializers ; 0                                              ;
; Total HSSI TX PCSs              ; 0                                              ;
; Total HSSI PMA TX Serializers   ; 0                                              ;
; Total PLLs                      ; 0 / 6 ( 0 % )                                  ;
; Total DLLs                      ; 0 / 4 ( 0 % )                                  ;
+---------------------------------+------------------------------------------------+


+-----------------------------------------+
; Flow Settings                           ;
+-------------------+---------------------+
; Option            ; Setting             ;
+-------------------+---------------------+
; Start date & time ; 10/17/2023 22:48:31 ;
; Main task         ; Compilation         ;
; Revision Name     ; BuscaMinas          ;
+-------------------+---------------------+


+-------------------------------------------------------------------------------------------------------------------------------------------------+
; Flow Non-Default Global Settings                                                                                                                ;
+--------------------------------------+----------------------------------------+---------------+-------------+-----------------------------------+
; Assignment Name                      ; Value                                  ; Default Value ; Entity Name ; Section Id                        ;
+--------------------------------------+----------------------------------------+---------------+-------------+-----------------------------------+
; COMPILER_SIGNATURE_ID                ; 185410942947171.169760451004524        ; --            ; --          ; --                                ;
; EDA_DESIGN_INSTANCE_NAME             ; NA                                     ; --            ; --          ; VGA_testbench                     ;
; EDA_DESIGN_INSTANCE_NAME             ; NA                                     ; --            ; --          ; BuscaMinas_tb                     ;
; EDA_DESIGN_INSTANCE_NAME             ; NA                                     ; --            ; --          ; LFSR_RandomGenerator_tb           ;
; EDA_DESIGN_INSTANCE_NAME             ; NA                                     ; --            ; --          ; matriz_tb                         ;
; EDA_DESIGN_INSTANCE_NAME             ; NA                                     ; --            ; --          ; bombasAdyacentes_tb               ;
; EDA_DESIGN_INSTANCE_NAME             ; NA                                     ; --            ; --          ; RandomNumberGenerator_tb          ;
; EDA_DESIGN_INSTANCE_NAME             ; NA                                     ; --            ; --          ; recibirMovimiento_tb              ;
; EDA_DESIGN_INSTANCE_NAME             ; NA                                     ; --            ; --          ; CheckMatrixValue_tb               ;
; EDA_DESIGN_INSTANCE_NAME             ; NA                                     ; --            ; --          ; BuscarYAsignar_tb                 ;
; EDA_GENERATE_FUNCTIONAL_NETLIST      ; Off                                    ; --            ; --          ; eda_board_design_timing           ;
; EDA_GENERATE_FUNCTIONAL_NETLIST      ; Off                                    ; --            ; --          ; eda_board_design_boundary_scan    ;
; EDA_GENERATE_FUNCTIONAL_NETLIST      ; Off                                    ; --            ; --          ; eda_board_design_signal_integrity ;
; EDA_GENERATE_FUNCTIONAL_NETLIST      ; Off                                    ; --            ; --          ; eda_board_design_symbol           ;
; EDA_NATIVELINK_SIMULATION_TEST_BENCH ; BuscaMinas_tb                          ; --            ; --          ; eda_simulation                    ;
; EDA_OUTPUT_DATA_FORMAT               ; Systemverilog Hdl                      ; --            ; --          ; eda_simulation                    ;
; EDA_SIMULATION_TOOL                  ; ModelSim (SystemVerilog)               ; <None>        ; --          ; --                                ;
; EDA_TEST_BENCH_ENABLE_STATUS         ; TEST_BENCH_MODE                        ; --            ; --          ; eda_simulation                    ;
; EDA_TEST_BENCH_FILE                  ; VGA_testbench.sv                       ; --            ; --          ; VGA_testbench                     ;
; EDA_TEST_BENCH_FILE                  ; BuscaMinas_tb.sv                       ; --            ; --          ; BuscaMinas_tb                     ;
; EDA_TEST_BENCH_FILE                  ; LFSR_RandomGenerator_tb.sv             ; --            ; --          ; LFSR_RandomGenerator_tb           ;
; EDA_TEST_BENCH_FILE                  ; matriz_tb.sv                           ; --            ; --          ; matriz_tb                         ;
; EDA_TEST_BENCH_FILE                  ; bombasAdyacentes_tb.sv                 ; --            ; --          ; bombasAdyacentes_tb               ;
; EDA_TEST_BENCH_FILE                  ; RandomNumberGenerator_tb.sv            ; --            ; --          ; RandomNumberGenerator_tb          ;
; EDA_TEST_BENCH_FILE                  ; recibirMovimiento_tb.sv                ; --            ; --          ; recibirMovimiento_tb              ;
; EDA_TEST_BENCH_FILE                  ; CheckMatrixValue_tb.sv                 ; --            ; --          ; CheckMatrixValue_tb               ;
; EDA_TEST_BENCH_FILE                  ; BuscarYAsignar_tb.sv                   ; --            ; --          ; BuscarYAsignar_tb                 ;
; EDA_TEST_BENCH_MODULE_NAME           ; VGA_testbench                          ; --            ; --          ; VGA_testbench                     ;
; EDA_TEST_BENCH_MODULE_NAME           ; BuscaMinas_tb                          ; --            ; --          ; BuscaMinas_tb                     ;
; EDA_TEST_BENCH_MODULE_NAME           ; LFSR_RandomGenerator_tb                ; --            ; --          ; LFSR_RandomGenerator_tb           ;
; EDA_TEST_BENCH_MODULE_NAME           ; matriz_tb                              ; --            ; --          ; matriz_tb                         ;
; EDA_TEST_BENCH_MODULE_NAME           ; bombasAdyacentes_tb                    ; --            ; --          ; bombasAdyacentes_tb               ;
; EDA_TEST_BENCH_MODULE_NAME           ; RandomNumberGenerator_tb               ; --            ; --          ; RandomNumberGenerator_tb          ;
; EDA_TEST_BENCH_MODULE_NAME           ; recibirMovimiento_tb                   ; --            ; --          ; recibirMovimiento_tb              ;
; EDA_TEST_BENCH_MODULE_NAME           ; CheckMatrixValue_tb                    ; --            ; --          ; CheckMatrixValue_tb               ;
; EDA_TEST_BENCH_MODULE_NAME           ; BuscarYAsignar_tb                      ; --            ; --          ; BuscarYAsignar_tb                 ;
; EDA_TEST_BENCH_NAME                  ; RandomNumberGenerator_tb               ; --            ; --          ; eda_simulation                    ;
; EDA_TEST_BENCH_NAME                  ; LFSR_RandomGenerator_tb                ; --            ; --          ; eda_simulation                    ;
; EDA_TEST_BENCH_NAME                  ; BuscarYAsignar_tb                      ; --            ; --          ; eda_simulation                    ;
; EDA_TEST_BENCH_NAME                  ; matriz_tb                              ; --            ; --          ; eda_simulation                    ;
; EDA_TEST_BENCH_NAME                  ; recibirMovimiento_tb                   ; --            ; --          ; eda_simulation                    ;
; EDA_TEST_BENCH_NAME                  ; CheckMatrixValue_tb                    ; --            ; --          ; eda_simulation                    ;
; EDA_TEST_BENCH_NAME                  ; BuscaMinas_tb                          ; --            ; --          ; eda_simulation                    ;
; EDA_TEST_BENCH_NAME                  ; bombasAdyacentes_tb                    ; --            ; --          ; eda_simulation                    ;
; EDA_TEST_BENCH_NAME                  ; VGA_testbench                          ; --            ; --          ; eda_simulation                    ;
; EDA_TIME_SCALE                       ; 1 ps                                   ; --            ; --          ; eda_simulation                    ;
; MAX_CORE_JUNCTION_TEMP               ; 85                                     ; --            ; --          ; --                                ;
; MIN_CORE_JUNCTION_TEMP               ; 0                                      ; --            ; --          ; --                                ;
; PARTITION_COLOR                      ; -- (Not supported for targeted family) ; --            ; --          ; Top                               ;
; PARTITION_FITTER_PRESERVATION_LEVEL  ; -- (Not supported for targeted family) ; --            ; --          ; Top                               ;
; PARTITION_NETLIST_TYPE               ; -- (Not supported for targeted family) ; --            ; --          ; Top                               ;
; POWER_BOARD_THERMAL_MODEL            ; None (CONSERVATIVE)                    ; --            ; --          ; --                                ;
; POWER_PRESET_COOLING_SOLUTION        ; 23 MM HEAT SINK WITH 200 LFPM AIRFLOW  ; --            ; --          ; --                                ;
; PROJECT_OUTPUT_DIRECTORY             ; output_files                           ; --            ; --          ; --                                ;
+--------------------------------------+----------------------------------------+---------------+-------------+-----------------------------------+


+--------------------------------------------------------------------------------------------------------------------------+
; Flow Elapsed Time                                                                                                        ;
+----------------------+--------------+-------------------------+---------------------+------------------------------------+
; Module Name          ; Elapsed Time ; Average Processors Used ; Peak Virtual Memory ; Total CPU Time (on all processors) ;
+----------------------+--------------+-------------------------+---------------------+------------------------------------+
; Analysis & Synthesis ; 00:00:10     ; 1.0                     ; 4866 MB             ; 00:00:21                           ;
; Fitter               ; 00:00:45     ; 1.0                     ; 6751 MB             ; 00:01:56                           ;
; Assembler            ; 00:00:05     ; 1.0                     ; 4880 MB             ; 00:00:05                           ;
; Timing Analyzer      ; 00:00:05     ; 1.2                     ; 5174 MB             ; 00:00:05                           ;
; EDA Netlist Writer   ; 00:00:01     ; 1.0                     ; 4729 MB             ; 00:00:01                           ;
; Total                ; 00:01:06     ; --                      ; --                  ; 00:02:28                           ;
+----------------------+--------------+-------------------------+---------------------+------------------------------------+


+------------------------------------------------------------------------------------+
; Flow OS Summary                                                                    ;
+----------------------+------------------+------------+------------+----------------+
; Module Name          ; Machine Hostname ; OS Name    ; OS Version ; Processor type ;
+----------------------+------------------+------------+------------+----------------+
; Analysis & Synthesis ; DESKTOP-N4CT73P  ; Windows 10 ; 10.0       ; x86_64         ;
; Fitter               ; DESKTOP-N4CT73P  ; Windows 10 ; 10.0       ; x86_64         ;
; Assembler            ; DESKTOP-N4CT73P  ; Windows 10 ; 10.0       ; x86_64         ;
; Timing Analyzer      ; DESKTOP-N4CT73P  ; Windows 10 ; 10.0       ; x86_64         ;
; EDA Netlist Writer   ; DESKTOP-N4CT73P  ; Windows 10 ; 10.0       ; x86_64         ;
+----------------------+------------------+------------+------------+----------------+


------------
; Flow Log ;
------------
quartus_map --read_settings_files=on --write_settings_files=off BuscaMinas -c BuscaMinas
quartus_fit --read_settings_files=off --write_settings_files=off BuscaMinas -c BuscaMinas
quartus_asm --read_settings_files=off --write_settings_files=off BuscaMinas -c BuscaMinas
quartus_sta BuscaMinas -c BuscaMinas
quartus_eda --read_settings_files=off --write_settings_files=off BuscaMinas -c BuscaMinas



