Analysis & Elaboration report for Experimento-1
Tue Sep 12 14:06:49 2023
Quartus Prime Version 22.1std.1 Build 917 02/14/2023 SC Lite Edition


---------------------
; Table of Contents ;
---------------------
  1. Legal Notice
  2. Analysis & Elaboration Summary
  3. Parallel Compilation
  4. Parameter Settings for User Entity Instance: Top-level Entity: |alu
  5. Parameter Settings for User Entity Instance: Suma:sum
  6. Parameter Settings for User Entity Instance: Resta:res
  7. Parameter Settings for User Entity Instance: Resta:res|Complementoa2:comp2
  8. Parameter Settings for User Entity Instance: Multiplicacion:mul
  9. Parameter Settings for User Entity Instance: Division:div
 10. Parameter Settings for User Entity Instance: Modulo:mod
 11. Parameter Settings for User Entity Instance: Op_AND:opAnd
 12. Parameter Settings for User Entity Instance: Op_OR:opOr
 13. Parameter Settings for User Entity Instance: Op_XOR:opXor
 14. Parameter Settings for User Entity Instance: ShiftLeft:lsh
 15. Parameter Settings for User Entity Instance: ShiftRight:rsh
 16. Analysis & Elaboration Settings
 17. Analysis & Elaboration Messages



----------------
; Legal Notice ;
----------------
Copyright (C) 2023  Intel Corporation. All rights reserved.
Your use of Intel Corporation's design tools, logic functions 
and other software and tools, and any partner logic 
functions, and any output files from any of the foregoing 
(including device programming or simulation files), and any 
associated documentation or information are expressly subject 
to the terms and conditions of the Intel Program License 
Subscription Agreement, the Intel Quartus Prime License Agreement,
the Intel FPGA IP License Agreement, or other applicable license
agreement, including, without limitation, that your use is for
the sole purpose of programming logic devices manufactured by
Intel and sold by Intel or its authorized distributors.  Please
refer to the applicable agreement for further details, at
https://fpgasoftware.intel.com/eula.



+--------------------------------------------------------------------------------+
; Analysis & Elaboration Summary                                                 ;
+-------------------------------+------------------------------------------------+
; Analysis & Elaboration Status ; Successful - Tue Sep 12 14:06:49 2023          ;
; Quartus Prime Version         ; 22.1std.1 Build 917 02/14/2023 SC Lite Edition ;
; Revision Name                 ; Experimento-1                                  ;
; Top-level Entity Name         ; alu                                            ;
; Family                        ; Cyclone V                                      ;
; Logic utilization (in ALMs)   ; N/A until Partition Merge                      ;
; Total registers               ; N/A until Partition Merge                      ;
; Total pins                    ; N/A until Partition Merge                      ;
; Total virtual pins            ; N/A until Partition Merge                      ;
; Total block memory bits       ; N/A until Partition Merge                      ;
; Total PLLs                    ; N/A until Partition Merge                      ;
; Total DLLs                    ; N/A until Partition Merge                      ;
+-------------------------------+------------------------------------------------+


+------------------------------------------+
; Parallel Compilation                     ;
+----------------------------+-------------+
; Processors                 ; Number      ;
+----------------------------+-------------+
; Number detected on machine ; 12          ;
; Maximum allowed            ; 6           ;
;                            ;             ;
; Average used               ; 1.00        ;
; Maximum used               ; 1           ;
;                            ;             ;
; Usage by Processor         ; % Time Used ;
;     Processor 1            ; 100.0%      ;
+----------------------------+-------------+


+---------------------------------------------------------------------+
; Parameter Settings for User Entity Instance: Top-level Entity: |alu ;
+----------------+-------+--------------------------------------------+
; Parameter Name ; Value ; Type                                       ;
+----------------+-------+--------------------------------------------+
; N              ; 4     ; Signed Integer                             ;
+----------------+-------+--------------------------------------------+
Note: In order to hide this table in the UI and the text report file, please set the "Show Parameter Settings in Synthesis Report" option in "Analysis and Synthesis Settings -> More Settings" to "Off".


+-------------------------------------------------------+
; Parameter Settings for User Entity Instance: Suma:sum ;
+----------------+-------+------------------------------+
; Parameter Name ; Value ; Type                         ;
+----------------+-------+------------------------------+
; N              ; 4     ; Signed Integer               ;
+----------------+-------+------------------------------+
Note: In order to hide this table in the UI and the text report file, please set the "Show Parameter Settings in Synthesis Report" option in "Analysis and Synthesis Settings -> More Settings" to "Off".


+--------------------------------------------------------+
; Parameter Settings for User Entity Instance: Resta:res ;
+----------------+-------+-------------------------------+
; Parameter Name ; Value ; Type                          ;
+----------------+-------+-------------------------------+
; N              ; 4     ; Signed Integer                ;
+----------------+-------+-------------------------------+
Note: In order to hide this table in the UI and the text report file, please set the "Show Parameter Settings in Synthesis Report" option in "Analysis and Synthesis Settings -> More Settings" to "Off".


+----------------------------------------------------------------------------+
; Parameter Settings for User Entity Instance: Resta:res|Complementoa2:comp2 ;
+----------------+-------+---------------------------------------------------+
; Parameter Name ; Value ; Type                                              ;
+----------------+-------+---------------------------------------------------+
; N              ; 4     ; Signed Integer                                    ;
+----------------+-------+---------------------------------------------------+
Note: In order to hide this table in the UI and the text report file, please set the "Show Parameter Settings in Synthesis Report" option in "Analysis and Synthesis Settings -> More Settings" to "Off".


+-----------------------------------------------------------------+
; Parameter Settings for User Entity Instance: Multiplicacion:mul ;
+----------------+-------+----------------------------------------+
; Parameter Name ; Value ; Type                                   ;
+----------------+-------+----------------------------------------+
; N              ; 4     ; Signed Integer                         ;
+----------------+-------+----------------------------------------+
Note: In order to hide this table in the UI and the text report file, please set the "Show Parameter Settings in Synthesis Report" option in "Analysis and Synthesis Settings -> More Settings" to "Off".


+-----------------------------------------------------------+
; Parameter Settings for User Entity Instance: Division:div ;
+----------------+-------+----------------------------------+
; Parameter Name ; Value ; Type                             ;
+----------------+-------+----------------------------------+
; N              ; 4     ; Signed Integer                   ;
+----------------+-------+----------------------------------+
Note: In order to hide this table in the UI and the text report file, please set the "Show Parameter Settings in Synthesis Report" option in "Analysis and Synthesis Settings -> More Settings" to "Off".


+---------------------------------------------------------+
; Parameter Settings for User Entity Instance: Modulo:mod ;
+----------------+-------+--------------------------------+
; Parameter Name ; Value ; Type                           ;
+----------------+-------+--------------------------------+
; N              ; 4     ; Signed Integer                 ;
+----------------+-------+--------------------------------+
Note: In order to hide this table in the UI and the text report file, please set the "Show Parameter Settings in Synthesis Report" option in "Analysis and Synthesis Settings -> More Settings" to "Off".


+-----------------------------------------------------------+
; Parameter Settings for User Entity Instance: Op_AND:opAnd ;
+----------------+-------+----------------------------------+
; Parameter Name ; Value ; Type                             ;
+----------------+-------+----------------------------------+
; N              ; 4     ; Signed Integer                   ;
+----------------+-------+----------------------------------+
Note: In order to hide this table in the UI and the text report file, please set the "Show Parameter Settings in Synthesis Report" option in "Analysis and Synthesis Settings -> More Settings" to "Off".


+---------------------------------------------------------+
; Parameter Settings for User Entity Instance: Op_OR:opOr ;
+----------------+-------+--------------------------------+
; Parameter Name ; Value ; Type                           ;
+----------------+-------+--------------------------------+
; N              ; 4     ; Signed Integer                 ;
+----------------+-------+--------------------------------+
Note: In order to hide this table in the UI and the text report file, please set the "Show Parameter Settings in Synthesis Report" option in "Analysis and Synthesis Settings -> More Settings" to "Off".


+-----------------------------------------------------------+
; Parameter Settings for User Entity Instance: Op_XOR:opXor ;
+----------------+-------+----------------------------------+
; Parameter Name ; Value ; Type                             ;
+----------------+-------+----------------------------------+
; N              ; 4     ; Signed Integer                   ;
+----------------+-------+----------------------------------+
Note: In order to hide this table in the UI and the text report file, please set the "Show Parameter Settings in Synthesis Report" option in "Analysis and Synthesis Settings -> More Settings" to "Off".


+------------------------------------------------------------+
; Parameter Settings for User Entity Instance: ShiftLeft:lsh ;
+----------------+-------+-----------------------------------+
; Parameter Name ; Value ; Type                              ;
+----------------+-------+-----------------------------------+
; N              ; 4     ; Signed Integer                    ;
+----------------+-------+-----------------------------------+
Note: In order to hide this table in the UI and the text report file, please set the "Show Parameter Settings in Synthesis Report" option in "Analysis and Synthesis Settings -> More Settings" to "Off".


+-------------------------------------------------------------+
; Parameter Settings for User Entity Instance: ShiftRight:rsh ;
+----------------+-------+------------------------------------+
; Parameter Name ; Value ; Type                               ;
+----------------+-------+------------------------------------+
; N              ; 4     ; Signed Integer                     ;
+----------------+-------+------------------------------------+
Note: In order to hide this table in the UI and the text report file, please set the "Show Parameter Settings in Synthesis Report" option in "Analysis and Synthesis Settings -> More Settings" to "Off".


+---------------------------------------------------------------------------------------------------------------------------+
; Analysis & Elaboration Settings                                                                                           ;
+---------------------------------------------------------------------------------+--------------------+--------------------+
; Option                                                                          ; Setting            ; Default Value      ;
+---------------------------------------------------------------------------------+--------------------+--------------------+
; Device                                                                          ; 5CSEMA5F31C6       ;                    ;
; Top-level entity name                                                           ; alu                ; Experimento-1      ;
; Family name                                                                     ; Cyclone V          ; Cyclone V          ;
; Use smart compilation                                                           ; Off                ; Off                ;
; Enable parallel Assembler and Timing Analyzer during compilation                ; On                 ; On                 ;
; Enable compact report table                                                     ; Off                ; Off                ;
; Restructure Multiplexers                                                        ; Auto               ; Auto               ;
; MLAB Add Timing Constraints For Mixed-Port Feed-Through Mode Setting Don't Care ; Off                ; Off                ;
; Create Debugging Nodes for IP Cores                                             ; Off                ; Off                ;
; Preserve fewer node names                                                       ; On                 ; On                 ;
; Intel FPGA IP Evaluation Mode                                                   ; Enable             ; Enable             ;
; Verilog Version                                                                 ; Verilog_2001       ; Verilog_2001       ;
; VHDL Version                                                                    ; VHDL_1993          ; VHDL_1993          ;
; State Machine Processing                                                        ; Auto               ; Auto               ;
; Safe State Machine                                                              ; Off                ; Off                ;
; Extract Verilog State Machines                                                  ; On                 ; On                 ;
; Extract VHDL State Machines                                                     ; On                 ; On                 ;
; Ignore Verilog initial constructs                                               ; Off                ; Off                ;
; Iteration limit for constant Verilog loops                                      ; 5000               ; 5000               ;
; Iteration limit for non-constant Verilog loops                                  ; 250                ; 250                ;
; Add Pass-Through Logic to Inferred RAMs                                         ; On                 ; On                 ;
; Infer RAMs from Raw Logic                                                       ; On                 ; On                 ;
; Parallel Synthesis                                                              ; On                 ; On                 ;
; DSP Block Balancing                                                             ; Auto               ; Auto               ;
; NOT Gate Push-Back                                                              ; On                 ; On                 ;
; Power-Up Don't Care                                                             ; On                 ; On                 ;
; Remove Redundant Logic Cells                                                    ; Off                ; Off                ;
; Remove Duplicate Registers                                                      ; On                 ; On                 ;
; Ignore CARRY Buffers                                                            ; Off                ; Off                ;
; Ignore CASCADE Buffers                                                          ; Off                ; Off                ;
; Ignore GLOBAL Buffers                                                           ; Off                ; Off                ;
; Ignore ROW GLOBAL Buffers                                                       ; Off                ; Off                ;
; Ignore LCELL Buffers                                                            ; Off                ; Off                ;
; Ignore SOFT Buffers                                                             ; On                 ; On                 ;
; Limit AHDL Integers to 32 Bits                                                  ; Off                ; Off                ;
; Optimization Technique                                                          ; Balanced           ; Balanced           ;
; Carry Chain Length                                                              ; 70                 ; 70                 ;
; Auto Carry Chains                                                               ; On                 ; On                 ;
; Auto Open-Drain Pins                                                            ; On                 ; On                 ;
; Perform WYSIWYG Primitive Resynthesis                                           ; Off                ; Off                ;
; Auto ROM Replacement                                                            ; On                 ; On                 ;
; Auto RAM Replacement                                                            ; On                 ; On                 ;
; Auto DSP Block Replacement                                                      ; On                 ; On                 ;
; Auto Shift Register Replacement                                                 ; Auto               ; Auto               ;
; Allow Shift Register Merging across Hierarchies                                 ; Auto               ; Auto               ;
; Auto Clock Enable Replacement                                                   ; On                 ; On                 ;
; Strict RAM Replacement                                                          ; Off                ; Off                ;
; Allow Synchronous Control Signals                                               ; On                 ; On                 ;
; Force Use of Synchronous Clear Signals                                          ; Off                ; Off                ;
; Auto Resource Sharing                                                           ; Off                ; Off                ;
; Allow Any RAM Size For Recognition                                              ; Off                ; Off                ;
; Allow Any ROM Size For Recognition                                              ; Off                ; Off                ;
; Allow Any Shift Register Size For Recognition                                   ; Off                ; Off                ;
; Use LogicLock Constraints during Resource Balancing                             ; On                 ; On                 ;
; Ignore translate_off and synthesis_off directives                               ; Off                ; Off                ;
; Timing-Driven Synthesis                                                         ; On                 ; On                 ;
; Report Parameter Settings                                                       ; On                 ; On                 ;
; Report Source Assignments                                                       ; On                 ; On                 ;
; Report Connectivity Checks                                                      ; On                 ; On                 ;
; Ignore Maximum Fan-Out Assignments                                              ; Off                ; Off                ;
; Synchronization Register Chain Length                                           ; 3                  ; 3                  ;
; Power Optimization During Synthesis                                             ; Normal compilation ; Normal compilation ;
; HDL message level                                                               ; Level2             ; Level2             ;
; Suppress Register Optimization Related Messages                                 ; Off                ; Off                ;
; Number of Removed Registers Reported in Synthesis Report                        ; 5000               ; 5000               ;
; Number of Swept Nodes Reported in Synthesis Report                              ; 5000               ; 5000               ;
; Number of Inverted Registers Reported in Synthesis Report                       ; 100                ; 100                ;
; Clock MUX Protection                                                            ; On                 ; On                 ;
; Auto Gated Clock Conversion                                                     ; Off                ; Off                ;
; Block Design Naming                                                             ; Auto               ; Auto               ;
; SDC constraint protection                                                       ; Off                ; Off                ;
; Synthesis Effort                                                                ; Auto               ; Auto               ;
; Shift Register Replacement - Allow Asynchronous Clear Signal                    ; On                 ; On                 ;
; Pre-Mapping Resynthesis Optimization                                            ; Off                ; Off                ;
; Analysis & Synthesis Message Level                                              ; Medium             ; Medium             ;
; Disable Register Merging Across Hierarchies                                     ; Auto               ; Auto               ;
; Resource Aware Inference For Block RAM                                          ; On                 ; On                 ;
; Automatic Parallel Synthesis                                                    ; On                 ; On                 ;
; Partial Reconfiguration Bitstream ID                                            ; Off                ; Off                ;
+---------------------------------------------------------------------------------+--------------------+--------------------+


+---------------------------------+
; Analysis & Elaboration Messages ;
+---------------------------------+
Info: *******************************************************************
Info: Running Quartus Prime Analysis & Elaboration
    Info: Version 22.1std.1 Build 917 02/14/2023 SC Lite Edition
    Info: Processing started: Tue Sep 12 14:06:41 2023
Info: Command: quartus_map --read_settings_files=on --write_settings_files=off Experimento-1 -c Experimento-1 --analysis_and_elaboration
Warning (18236): Number of processors has not been specified which may cause overloading on shared machines.  Set the global assignment NUM_PARALLEL_PROCESSORS in your QSF to an appropriate value for best performance.
Info (20030): Parallel compilation is enabled and will use 6 of the 6 processors detected
Info (12021): Found 1 design units, including 1 entities, in source file suma.sv
    Info (12023): Found entity 1: Suma File: C:/Users/XPC/Documents/GitHub/njohnson_jmarschatz_gconejo_digital_design_lab_2023/Lab#3/Suma.sv Line: 1
Info (12021): Found 1 design units, including 1 entities, in source file op_xor.sv
    Info (12023): Found entity 1: Op_XOR File: C:/Users/XPC/Documents/GitHub/njohnson_jmarschatz_gconejo_digital_design_lab_2023/Lab#3/Op_XOR.sv Line: 1
Info (12021): Found 1 design units, including 1 entities, in source file op_or.sv
    Info (12023): Found entity 1: Op_OR File: C:/Users/XPC/Documents/GitHub/njohnson_jmarschatz_gconejo_digital_design_lab_2023/Lab#3/Op_OR.sv Line: 1
Info (12021): Found 1 design units, including 1 entities, in source file op_and.sv
    Info (12023): Found entity 1: Op_AND File: C:/Users/XPC/Documents/GitHub/njohnson_jmarschatz_gconejo_digital_design_lab_2023/Lab#3/Op_AND.sv Line: 1
Info (12021): Found 1 design units, including 1 entities, in source file alu.sv
    Info (12023): Found entity 1: alu File: C:/Users/XPC/Documents/GitHub/njohnson_jmarschatz_gconejo_digital_design_lab_2023/Lab#3/alu.sv Line: 2
Info (12021): Found 1 design units, including 1 entities, in source file resta.sv
    Info (12023): Found entity 1: Resta File: C:/Users/XPC/Documents/GitHub/njohnson_jmarschatz_gconejo_digital_design_lab_2023/Lab#3/Resta.sv Line: 1
Info (12021): Found 1 design units, including 1 entities, in source file complementoa2.sv
    Info (12023): Found entity 1: Complementoa2 File: C:/Users/XPC/Documents/GitHub/njohnson_jmarschatz_gconejo_digital_design_lab_2023/Lab#3/Complementoa2.sv Line: 2
Info (12021): Found 1 design units, including 1 entities, in source file shiftright.sv
    Info (12023): Found entity 1: ShiftRight File: C:/Users/XPC/Documents/GitHub/njohnson_jmarschatz_gconejo_digital_design_lab_2023/Lab#3/ShiftRight.sv Line: 1
Info (12021): Found 1 design units, including 1 entities, in source file shiftleft.sv
    Info (12023): Found entity 1: ShiftLeft File: C:/Users/XPC/Documents/GitHub/njohnson_jmarschatz_gconejo_digital_design_lab_2023/Lab#3/ShiftLeft.sv Line: 2
Info (12021): Found 1 design units, including 1 entities, in source file ejemplos_tb.sv
    Info (12023): Found entity 1: Ejemplos_tb File: C:/Users/XPC/Documents/GitHub/njohnson_jmarschatz_gconejo_digital_design_lab_2023/Lab#3/Ejemplos_tb.sv Line: 2
Info (12127): Elaborating entity "alu" for the top level hierarchy
Warning (10030): Net "fs[1]" at alu.sv(10) has no driver or initial value, using a default initial value '0' File: C:/Users/XPC/Documents/GitHub/njohnson_jmarschatz_gconejo_digital_design_lab_2023/Lab#3/alu.sv Line: 10
Warning (10030): Net "fml[3]" at alu.sv(10) has no driver or initial value, using a default initial value '0' File: C:/Users/XPC/Documents/GitHub/njohnson_jmarschatz_gconejo_digital_design_lab_2023/Lab#3/alu.sv Line: 10
Warning (10030): Net "fml[1]" at alu.sv(10) has no driver or initial value, using a default initial value '0' File: C:/Users/XPC/Documents/GitHub/njohnson_jmarschatz_gconejo_digital_design_lab_2023/Lab#3/alu.sv Line: 10
Warning (10030): Net "fiz[3..1]" at alu.sv(10) has no driver or initial value, using a default initial value '0' File: C:/Users/XPC/Documents/GitHub/njohnson_jmarschatz_gconejo_digital_design_lab_2023/Lab#3/alu.sv Line: 10
Info (12128): Elaborating entity "Suma" for hierarchy "Suma:sum" File: C:/Users/XPC/Documents/GitHub/njohnson_jmarschatz_gconejo_digital_design_lab_2023/Lab#3/alu.sv Line: 17
Info (12128): Elaborating entity "Resta" for hierarchy "Resta:res" File: C:/Users/XPC/Documents/GitHub/njohnson_jmarschatz_gconejo_digital_design_lab_2023/Lab#3/alu.sv Line: 19
Warning (10240): Verilog HDL Always Construct warning at Resta.sv(14): inferring latch(es) for variable "resultado", which holds its previous value in one or more paths through the always construct File: C:/Users/XPC/Documents/GitHub/njohnson_jmarschatz_gconejo_digital_design_lab_2023/Lab#3/Resta.sv Line: 14
Info (10041): Inferred latch for "resultado[0]" at Resta.sv(29) File: C:/Users/XPC/Documents/GitHub/njohnson_jmarschatz_gconejo_digital_design_lab_2023/Lab#3/Resta.sv Line: 29
Info (10041): Inferred latch for "resultado[1]" at Resta.sv(29) File: C:/Users/XPC/Documents/GitHub/njohnson_jmarschatz_gconejo_digital_design_lab_2023/Lab#3/Resta.sv Line: 29
Info (10041): Inferred latch for "resultado[2]" at Resta.sv(29) File: C:/Users/XPC/Documents/GitHub/njohnson_jmarschatz_gconejo_digital_design_lab_2023/Lab#3/Resta.sv Line: 29
Info (10041): Inferred latch for "resultado[3]" at Resta.sv(29) File: C:/Users/XPC/Documents/GitHub/njohnson_jmarschatz_gconejo_digital_design_lab_2023/Lab#3/Resta.sv Line: 29
Info (12128): Elaborating entity "Complementoa2" for hierarchy "Resta:res|Complementoa2:comp2" File: C:/Users/XPC/Documents/GitHub/njohnson_jmarschatz_gconejo_digital_design_lab_2023/Lab#3/Resta.sv Line: 10
Warning (12125): Using design file multiplicacion.sv, which is not specified as a design file for the current project, but contains definitions for 1 design units and 1 entities in project
    Info (12023): Found entity 1: Multiplicacion File: C:/Users/XPC/Documents/GitHub/njohnson_jmarschatz_gconejo_digital_design_lab_2023/Lab#3/multiplicacion.sv Line: 1
Info (12128): Elaborating entity "Multiplicacion" for hierarchy "Multiplicacion:mul" File: C:/Users/XPC/Documents/GitHub/njohnson_jmarschatz_gconejo_digital_design_lab_2023/Lab#3/alu.sv Line: 21
Warning (12125): Using design file division.sv, which is not specified as a design file for the current project, but contains definitions for 1 design units and 1 entities in project
    Info (12023): Found entity 1: Division File: C:/Users/XPC/Documents/GitHub/njohnson_jmarschatz_gconejo_digital_design_lab_2023/Lab#3/division.sv Line: 1
Info (12128): Elaborating entity "Division" for hierarchy "Division:div" File: C:/Users/XPC/Documents/GitHub/njohnson_jmarschatz_gconejo_digital_design_lab_2023/Lab#3/alu.sv Line: 23
Warning (12125): Using design file modulo.sv, which is not specified as a design file for the current project, but contains definitions for 1 design units and 1 entities in project
    Info (12023): Found entity 1: Modulo File: C:/Users/XPC/Documents/GitHub/njohnson_jmarschatz_gconejo_digital_design_lab_2023/Lab#3/modulo.sv Line: 1
Info (12128): Elaborating entity "Modulo" for hierarchy "Modulo:mod" File: C:/Users/XPC/Documents/GitHub/njohnson_jmarschatz_gconejo_digital_design_lab_2023/Lab#3/alu.sv Line: 25
Info (12128): Elaborating entity "Op_AND" for hierarchy "Op_AND:opAnd" File: C:/Users/XPC/Documents/GitHub/njohnson_jmarschatz_gconejo_digital_design_lab_2023/Lab#3/alu.sv Line: 27
Info (12128): Elaborating entity "Op_OR" for hierarchy "Op_OR:opOr" File: C:/Users/XPC/Documents/GitHub/njohnson_jmarschatz_gconejo_digital_design_lab_2023/Lab#3/alu.sv Line: 29
Info (12128): Elaborating entity "Op_XOR" for hierarchy "Op_XOR:opXor" File: C:/Users/XPC/Documents/GitHub/njohnson_jmarschatz_gconejo_digital_design_lab_2023/Lab#3/alu.sv Line: 31
Info (12128): Elaborating entity "ShiftLeft" for hierarchy "ShiftLeft:lsh" File: C:/Users/XPC/Documents/GitHub/njohnson_jmarschatz_gconejo_digital_design_lab_2023/Lab#3/alu.sv Line: 33
Info (12128): Elaborating entity "ShiftRight" for hierarchy "ShiftRight:rsh" File: C:/Users/XPC/Documents/GitHub/njohnson_jmarschatz_gconejo_digital_design_lab_2023/Lab#3/alu.sv Line: 35
Info: Quartus Prime Analysis & Elaboration was successful. 0 errors, 9 warnings
    Info: Peak virtual memory: 4778 megabytes
    Info: Processing ended: Tue Sep 12 14:06:49 2023
    Info: Elapsed time: 00:00:08
    Info: Total CPU time (on all processors): 00:00:18


