Flow report for Filtro-de-imagenes
Wed Nov 22 00:28:47 2023
Quartus Prime Version 22.1std.1 Build 917 02/14/2023 SC Lite Edition


---------------------
; Table of Contents ;
---------------------
  1. Legal Notice
  2. Flow Summary
  3. Flow Settings
  4. Flow Non-Default Global Settings
  5. Flow Elapsed Time
  6. Flow OS Summary
  7. Flow Log
  8. Flow Messages
  9. Flow Suppressed Messages



----------------
; Legal Notice ;
----------------
Copyright (C) 2023  Intel Corporation. All rights reserved.
Your use of Intel Corporation's design tools, logic functions 
and other software and tools, and any partner logic 
functions, and any output files from any of the foregoing 
(including device programming or simulation files), and any 
associated documentation or information are expressly subject 
to the terms and conditions of the Intel Program License 
Subscription Agreement, the Intel Quartus Prime License Agreement,
the Intel FPGA IP License Agreement, or other applicable license
agreement, including, without limitation, that your use is for
the sole purpose of programming logic devices manufactured by
Intel and sold by Intel or its authorized distributors.  Please
refer to the applicable agreement for further details, at
https://fpgasoftware.intel.com/eula.



+----------------------------------------------------------------------------------+
; Flow Summary                                                                     ;
+---------------------------------+------------------------------------------------+
; Flow Status                     ; Successful - Wed Nov 22 00:28:47 2023          ;
; Quartus Prime Version           ; 22.1std.1 Build 917 02/14/2023 SC Lite Edition ;
; Revision Name                   ; Filtro-de-imagenes                             ;
; Top-level Entity Name           ; main                                           ;
; Family                          ; Cyclone V                                      ;
; Device                          ; 5CSEMA5F31C6                                   ;
; Timing Models                   ; Final                                          ;
; Logic utilization (in ALMs)     ; 138 / 32,070 ( < 1 % )                         ;
; Total registers                 ; 45                                             ;
; Total pins                      ; 86 / 457 ( 19 % )                              ;
; Total virtual pins              ; 0                                              ;
; Total block memory bits         ; 2,097,152 / 4,065,280 ( 52 % )                 ;
; Total DSP Blocks                ; 0 / 87 ( 0 % )                                 ;
; Total HSSI RX PCSs              ; 0                                              ;
; Total HSSI PMA RX Deserializers ; 0                                              ;
; Total HSSI TX PCSs              ; 0                                              ;
; Total HSSI PMA TX Serializers   ; 0                                              ;
; Total PLLs                      ; 0 / 6 ( 0 % )                                  ;
; Total DLLs                      ; 0 / 4 ( 0 % )                                  ;
+---------------------------------+------------------------------------------------+


+-----------------------------------------+
; Flow Settings                           ;
+-------------------+---------------------+
; Option            ; Setting             ;
+-------------------+---------------------+
; Start date & time ; 11/22/2023 00:26:42 ;
; Main task         ; Compilation         ;
; Revision Name     ; Filtro-de-imagenes  ;
+-------------------+---------------------+


+------------------------------------------------------------------------------------------------------------------------------------------------------+
; Flow Non-Default Global Settings                                                                                                                     ;
+--------------------------------------+----------------------------------------+--------------------+-------------+-----------------------------------+
; Assignment Name                      ; Value                                  ; Default Value      ; Entity Name ; Section Id                        ;
+--------------------------------------+----------------------------------------+--------------------+-------------+-----------------------------------+
; COMPILER_SIGNATURE_ID                ; 185410942947171.170063440215036        ; --                 ; --          ; --                                ;
; EDA_DESIGN_INSTANCE_NAME             ; NA                                     ; --                 ; --          ; topRam_tb                         ;
; EDA_DESIGN_INSTANCE_NAME             ; NA                                     ; --                 ; --          ; tb_vga                            ;
; EDA_DESIGN_INSTANCE_NAME             ; NA                                     ; --                 ; --          ; main_tb                           ;
; EDA_DESIGN_INSTANCE_NAME             ; NA                                     ; --                 ; --          ; Counter_tb                        ;
; EDA_DESIGN_INSTANCE_NAME             ; NA                                     ; --                 ; --          ; Procesador_tb                     ;
; EDA_GENERATE_FUNCTIONAL_NETLIST      ; Off                                    ; --                 ; --          ; eda_board_design_timing           ;
; EDA_GENERATE_FUNCTIONAL_NETLIST      ; Off                                    ; --                 ; --          ; eda_board_design_boundary_scan    ;
; EDA_GENERATE_FUNCTIONAL_NETLIST      ; Off                                    ; --                 ; --          ; eda_board_design_signal_integrity ;
; EDA_GENERATE_FUNCTIONAL_NETLIST      ; Off                                    ; --                 ; --          ; eda_board_design_symbol           ;
; EDA_NATIVELINK_SIMULATION_TEST_BENCH ; main_tb                                ; --                 ; --          ; eda_simulation                    ;
; EDA_OUTPUT_DATA_FORMAT               ; Systemverilog Hdl                      ; --                 ; --          ; eda_simulation                    ;
; EDA_SIMULATION_TOOL                  ; ModelSim (SystemVerilog)               ; <None>             ; --          ; --                                ;
; EDA_TEST_BENCH_ENABLE_STATUS         ; TEST_BENCH_MODE                        ; --                 ; --          ; eda_simulation                    ;
; EDA_TEST_BENCH_FILE                  ; Modulos/Procesador/topRam_tb.sv        ; --                 ; --          ; topRam_tb                         ;
; EDA_TEST_BENCH_FILE                  ; Modulos/VGA/v2/tb_vga.sv               ; --                 ; --          ; tb_vga                            ;
; EDA_TEST_BENCH_FILE                  ; main_tb.sv                             ; --                 ; --          ; main_tb                           ;
; EDA_TEST_BENCH_FILE                  ; Modulos/VGA/Counter_tb.sv              ; --                 ; --          ; Counter_tb                        ;
; EDA_TEST_BENCH_FILE                  ; Modulos/Procesador/Procesador_tb.sv    ; --                 ; --          ; Procesador_tb                     ;
; EDA_TEST_BENCH_MODULE_NAME           ; topRam_tb                              ; --                 ; --          ; topRam_tb                         ;
; EDA_TEST_BENCH_MODULE_NAME           ; tb_vga                                 ; --                 ; --          ; tb_vga                            ;
; EDA_TEST_BENCH_MODULE_NAME           ; main_tb                                ; --                 ; --          ; main_tb                           ;
; EDA_TEST_BENCH_MODULE_NAME           ; Counter_tb                             ; --                 ; --          ; Counter_tb                        ;
; EDA_TEST_BENCH_MODULE_NAME           ; Procesador_tb                          ; --                 ; --          ; Procesador_tb                     ;
; EDA_TEST_BENCH_NAME                  ; main_tb                                ; --                 ; --          ; eda_simulation                    ;
; EDA_TEST_BENCH_NAME                  ; Procesador_tb                          ; --                 ; --          ; eda_simulation                    ;
; EDA_TEST_BENCH_NAME                  ; tb_vga                                 ; --                 ; --          ; eda_simulation                    ;
; EDA_TEST_BENCH_NAME                  ; topRam_tb                              ; --                 ; --          ; eda_simulation                    ;
; EDA_TIME_SCALE                       ; 1 ps                                   ; --                 ; --          ; eda_simulation                    ;
; MAX_CORE_JUNCTION_TEMP               ; 85                                     ; --                 ; --          ; --                                ;
; MIN_CORE_JUNCTION_TEMP               ; 0                                      ; --                 ; --          ; --                                ;
; PARTITION_COLOR                      ; -- (Not supported for targeted family) ; --                 ; main        ; Top                               ;
; PARTITION_FITTER_PRESERVATION_LEVEL  ; -- (Not supported for targeted family) ; --                 ; main        ; Top                               ;
; PARTITION_NETLIST_TYPE               ; -- (Not supported for targeted family) ; --                 ; main        ; Top                               ;
; POWER_BOARD_THERMAL_MODEL            ; None (CONSERVATIVE)                    ; --                 ; --          ; --                                ;
; POWER_PRESET_COOLING_SOLUTION        ; 23 MM HEAT SINK WITH 200 LFPM AIRFLOW  ; --                 ; --          ; --                                ;
; PROJECT_OUTPUT_DIRECTORY             ; output_files                           ; --                 ; --          ; --                                ;
; TOP_LEVEL_ENTITY                     ; main                                   ; Filtro-de-imagenes ; --          ; --                                ;
+--------------------------------------+----------------------------------------+--------------------+-------------+-----------------------------------+


+--------------------------------------------------------------------------------------------------------------------------+
; Flow Elapsed Time                                                                                                        ;
+----------------------+--------------+-------------------------+---------------------+------------------------------------+
; Module Name          ; Elapsed Time ; Average Processors Used ; Peak Virtual Memory ; Total CPU Time (on all processors) ;
+----------------------+--------------+-------------------------+---------------------+------------------------------------+
; Analysis & Synthesis ; 00:00:08     ; 1.0                     ; 4891 MB             ; 00:00:19                           ;
; Fitter               ; 00:01:36     ; 1.1                     ; 6738 MB             ; 00:04:17                           ;
; Assembler            ; 00:00:07     ; 1.0                     ; 4893 MB             ; 00:00:07                           ;
; Timing Analyzer      ; 00:00:08     ; 2.1                     ; 5232 MB             ; 00:00:13                           ;
; EDA Netlist Writer   ; 00:00:01     ; 1.0                     ; 4751 MB             ; 00:00:01                           ;
; Total                ; 00:02:00     ; --                      ; --                  ; 00:04:57                           ;
+----------------------+--------------+-------------------------+---------------------+------------------------------------+


+------------------------------------------------------------------------------------+
; Flow OS Summary                                                                    ;
+----------------------+------------------+------------+------------+----------------+
; Module Name          ; Machine Hostname ; OS Name    ; OS Version ; Processor type ;
+----------------------+------------------+------------+------------+----------------+
; Analysis & Synthesis ; DESKTOP-N4CT73P  ; Windows 10 ; 10.0       ; x86_64         ;
; Fitter               ; DESKTOP-N4CT73P  ; Windows 10 ; 10.0       ; x86_64         ;
; Assembler            ; DESKTOP-N4CT73P  ; Windows 10 ; 10.0       ; x86_64         ;
; Timing Analyzer      ; DESKTOP-N4CT73P  ; Windows 10 ; 10.0       ; x86_64         ;
; EDA Netlist Writer   ; DESKTOP-N4CT73P  ; Windows 10 ; 10.0       ; x86_64         ;
+----------------------+------------------+------------+------------+----------------+


------------
; Flow Log ;
------------
quartus_map --read_settings_files=on --write_settings_files=off Filtro-de-imagenes -c Filtro-de-imagenes
quartus_fit --read_settings_files=off --write_settings_files=off Filtro-de-imagenes -c Filtro-de-imagenes
quartus_asm --read_settings_files=off --write_settings_files=off Filtro-de-imagenes -c Filtro-de-imagenes
quartus_sta Filtro-de-imagenes -c Filtro-de-imagenes
quartus_eda --read_settings_files=off --write_settings_files=off Filtro-de-imagenes -c Filtro-de-imagenes



