Analysis & Synthesis report for Filtro-de-imagenes
Fri Oct 27 13:39:20 2023
Quartus Prime Version 22.1std.1 Build 917 02/14/2023 SC Lite Edition


---------------------
; Table of Contents ;
---------------------
  1. Legal Notice
  2. Analysis & Synthesis Summary
  3. Analysis & Synthesis Settings
  4. Parallel Compilation
  5. Analysis & Synthesis Source Files Read
  6. Analysis & Synthesis Resource Usage Summary
  7. Analysis & Synthesis Resource Utilization by Entity
  8. Analysis & Synthesis RAM Summary
  9. Analysis & Synthesis IP Cores Summary
 10. Registers Removed During Synthesis
 11. General Register Statistics
 12. Inverted Register Statistics
 13. Source assignments for ram1:mem|altsyncram:altsyncram_component|altsyncram_4jo1:auto_generated
 14. Parameter Settings for User Entity Instance: ram1:mem|altsyncram:altsyncram_component
 15. Parameter Settings for User Entity Instance: Counter:cont
 16. altsyncram Parameter Settings by Entity Instance
 17. Port Connectivity Checks: "mux_21:mux_addr"
 18. Port Connectivity Checks: "Counter:cont"
 19. Port Connectivity Checks: "ram1:mem"
 20. Post-Synthesis Netlist Statistics for Top Partition
 21. Elapsed Time Per Partition
 22. Analysis & Synthesis Messages



----------------
; Legal Notice ;
----------------
Copyright (C) 2023  Intel Corporation. All rights reserved.
Your use of Intel Corporation's design tools, logic functions 
and other software and tools, and any partner logic 
functions, and any output files from any of the foregoing 
(including device programming or simulation files), and any 
associated documentation or information are expressly subject 
to the terms and conditions of the Intel Program License 
Subscription Agreement, the Intel Quartus Prime License Agreement,
the Intel FPGA IP License Agreement, or other applicable license
agreement, including, without limitation, that your use is for
the sole purpose of programming logic devices manufactured by
Intel and sold by Intel or its authorized distributors.  Please
refer to the applicable agreement for further details, at
https://fpgasoftware.intel.com/eula.



+----------------------------------------------------------------------------------+
; Analysis & Synthesis Summary                                                     ;
+---------------------------------+------------------------------------------------+
; Analysis & Synthesis Status     ; Successful - Fri Oct 27 13:39:20 2023          ;
; Quartus Prime Version           ; 22.1std.1 Build 917 02/14/2023 SC Lite Edition ;
; Revision Name                   ; Filtro-de-imagenes                             ;
; Top-level Entity Name           ; top_module                                     ;
; Family                          ; Cyclone V                                      ;
; Logic utilization (in ALMs)     ; N/A                                            ;
; Total registers                 ; 34                                             ;
; Total pins                      ; 21                                             ;
; Total virtual pins              ; 0                                              ;
; Total block memory bits         ; 64                                             ;
; Total DSP Blocks                ; 0                                              ;
; Total HSSI RX PCSs              ; 0                                              ;
; Total HSSI PMA RX Deserializers ; 0                                              ;
; Total HSSI TX PCSs              ; 0                                              ;
; Total HSSI PMA TX Serializers   ; 0                                              ;
; Total PLLs                      ; 0                                              ;
; Total DLLs                      ; 0                                              ;
+---------------------------------+------------------------------------------------+


+---------------------------------------------------------------------------------------------------------------------------+
; Analysis & Synthesis Settings                                                                                             ;
+---------------------------------------------------------------------------------+--------------------+--------------------+
; Option                                                                          ; Setting            ; Default Value      ;
+---------------------------------------------------------------------------------+--------------------+--------------------+
; Device                                                                          ; 5CSEMA5F31C6       ;                    ;
; Top-level entity name                                                           ; top_module         ; Filtro-de-imagenes ;
; Family name                                                                     ; Cyclone V          ; Cyclone V          ;
; Use smart compilation                                                           ; Off                ; Off                ;
; Enable parallel Assembler and Timing Analyzer during compilation                ; On                 ; On                 ;
; Enable compact report table                                                     ; Off                ; Off                ;
; Restructure Multiplexers                                                        ; Auto               ; Auto               ;
; MLAB Add Timing Constraints For Mixed-Port Feed-Through Mode Setting Don't Care ; Off                ; Off                ;
; Create Debugging Nodes for IP Cores                                             ; Off                ; Off                ;
; Preserve fewer node names                                                       ; On                 ; On                 ;
; Intel FPGA IP Evaluation Mode                                                   ; Enable             ; Enable             ;
; Verilog Version                                                                 ; Verilog_2001       ; Verilog_2001       ;
; VHDL Version                                                                    ; VHDL_1993          ; VHDL_1993          ;
; State Machine Processing                                                        ; Auto               ; Auto               ;
; Safe State Machine                                                              ; Off                ; Off                ;
; Extract Verilog State Machines                                                  ; On                 ; On                 ;
; Extract VHDL State Machines                                                     ; On                 ; On                 ;
; Ignore Verilog initial constructs                                               ; Off                ; Off                ;
; Iteration limit for constant Verilog loops                                      ; 5000               ; 5000               ;
; Iteration limit for non-constant Verilog loops                                  ; 250                ; 250                ;
; Add Pass-Through Logic to Inferred RAMs                                         ; On                 ; On                 ;
; Infer RAMs from Raw Logic                                                       ; On                 ; On                 ;
; Parallel Synthesis                                                              ; On                 ; On                 ;
; DSP Block Balancing                                                             ; Auto               ; Auto               ;
; NOT Gate Push-Back                                                              ; On                 ; On                 ;
; Power-Up Don't Care                                                             ; On                 ; On                 ;
; Remove Redundant Logic Cells                                                    ; Off                ; Off                ;
; Remove Duplicate Registers                                                      ; On                 ; On                 ;
; Ignore CARRY Buffers                                                            ; Off                ; Off                ;
; Ignore CASCADE Buffers                                                          ; Off                ; Off                ;
; Ignore GLOBAL Buffers                                                           ; Off                ; Off                ;
; Ignore ROW GLOBAL Buffers                                                       ; Off                ; Off                ;
; Ignore LCELL Buffers                                                            ; Off                ; Off                ;
; Ignore SOFT Buffers                                                             ; On                 ; On                 ;
; Limit AHDL Integers to 32 Bits                                                  ; Off                ; Off                ;
; Optimization Technique                                                          ; Balanced           ; Balanced           ;
; Carry Chain Length                                                              ; 70                 ; 70                 ;
; Auto Carry Chains                                                               ; On                 ; On                 ;
; Auto Open-Drain Pins                                                            ; On                 ; On                 ;
; Perform WYSIWYG Primitive Resynthesis                                           ; Off                ; Off                ;
; Auto ROM Replacement                                                            ; On                 ; On                 ;
; Auto RAM Replacement                                                            ; On                 ; On                 ;
; Auto DSP Block Replacement                                                      ; On                 ; On                 ;
; Auto Shift Register Replacement                                                 ; Auto               ; Auto               ;
; Allow Shift Register Merging across Hierarchies                                 ; Auto               ; Auto               ;
; Auto Clock Enable Replacement                                                   ; On                 ; On                 ;
; Strict RAM Replacement                                                          ; Off                ; Off                ;
; Allow Synchronous Control Signals                                               ; On                 ; On                 ;
; Force Use of Synchronous Clear Signals                                          ; Off                ; Off                ;
; Auto Resource Sharing                                                           ; Off                ; Off                ;
; Allow Any RAM Size For Recognition                                              ; Off                ; Off                ;
; Allow Any ROM Size For Recognition                                              ; Off                ; Off                ;
; Allow Any Shift Register Size For Recognition                                   ; Off                ; Off                ;
; Use LogicLock Constraints during Resource Balancing                             ; On                 ; On                 ;
; Ignore translate_off and synthesis_off directives                               ; Off                ; Off                ;
; Timing-Driven Synthesis                                                         ; On                 ; On                 ;
; Report Parameter Settings                                                       ; On                 ; On                 ;
; Report Source Assignments                                                       ; On                 ; On                 ;
; Report Connectivity Checks                                                      ; On                 ; On                 ;
; Ignore Maximum Fan-Out Assignments                                              ; Off                ; Off                ;
; Synchronization Register Chain Length                                           ; 3                  ; 3                  ;
; Power Optimization During Synthesis                                             ; Normal compilation ; Normal compilation ;
; HDL message level                                                               ; Level2             ; Level2             ;
; Suppress Register Optimization Related Messages                                 ; Off                ; Off                ;
; Number of Removed Registers Reported in Synthesis Report                        ; 5000               ; 5000               ;
; Number of Swept Nodes Reported in Synthesis Report                              ; 5000               ; 5000               ;
; Number of Inverted Registers Reported in Synthesis Report                       ; 100                ; 100                ;
; Clock MUX Protection                                                            ; On                 ; On                 ;
; Auto Gated Clock Conversion                                                     ; Off                ; Off                ;
; Block Design Naming                                                             ; Auto               ; Auto               ;
; SDC constraint protection                                                       ; Off                ; Off                ;
; Synthesis Effort                                                                ; Auto               ; Auto               ;
; Shift Register Replacement - Allow Asynchronous Clear Signal                    ; On                 ; On                 ;
; Pre-Mapping Resynthesis Optimization                                            ; Off                ; Off                ;
; Analysis & Synthesis Message Level                                              ; Medium             ; Medium             ;
; Disable Register Merging Across Hierarchies                                     ; Auto               ; Auto               ;
; Resource Aware Inference For Block RAM                                          ; On                 ; On                 ;
; Automatic Parallel Synthesis                                                    ; On                 ; On                 ;
; Partial Reconfiguration Bitstream ID                                            ; Off                ; Off                ;
+---------------------------------------------------------------------------------+--------------------+--------------------+


+------------------------------------------+
; Parallel Compilation                     ;
+----------------------------+-------------+
; Processors                 ; Number      ;
+----------------------------+-------------+
; Number detected on machine ; 12          ;
; Maximum allowed            ; 6           ;
;                            ;             ;
; Average used               ; 1.00        ;
; Maximum used               ; 6           ;
;                            ;             ;
; Usage by Processor         ; % Time Used ;
;     Processor 1            ; 100.0%      ;
;     Processors 2-6         ;   0.0%      ;
+----------------------------+-------------+


+---------------------------------------------------------------------------------------------------------------------------------------------------------------------------------------------------------------------------+
; Analysis & Synthesis Source Files Read                                                                                                                                                                                    ;
+----------------------------------+-----------------+----------------------------------+-------------------------------------------------------------------------------------------------------------------------+---------+
; File Name with User-Entered Path ; Used in Netlist ; File Type                        ; File Name with Absolute Path                                                                                            ; Library ;
+----------------------------------+-----------------+----------------------------------+-------------------------------------------------------------------------------------------------------------------------+---------+
; ram_data1.mif                    ; yes             ; User Memory Initialization File  ; C:/Users/XPC/Documents/GitHub/njohnson_jmarschatz_gconejo_digital_design_lab_2023/Proyecto-Final/ram_data1.mif          ;         ;
; ram1.v                           ; yes             ; User Wizard-Generated File       ; C:/Users/XPC/Documents/GitHub/njohnson_jmarschatz_gconejo_digital_design_lab_2023/Proyecto-Final/ram1.v                 ;         ;
; top_module.sv                    ; yes             ; User SystemVerilog HDL File      ; C:/Users/XPC/Documents/GitHub/njohnson_jmarschatz_gconejo_digital_design_lab_2023/Proyecto-Final/top_module.sv          ;         ;
; Counter.sv                       ; yes             ; User SystemVerilog HDL File      ; C:/Users/XPC/Documents/GitHub/njohnson_jmarschatz_gconejo_digital_design_lab_2023/Proyecto-Final/Counter.sv             ;         ;
; hhclock.sv                       ; yes             ; User SystemVerilog HDL File      ; C:/Users/XPC/Documents/GitHub/njohnson_jmarschatz_gconejo_digital_design_lab_2023/Proyecto-Final/hhclock.sv             ;         ;
; write_mem.sv                     ; yes             ; User SystemVerilog HDL File      ; C:/Users/XPC/Documents/GitHub/njohnson_jmarschatz_gconejo_digital_design_lab_2023/Proyecto-Final/write_mem.sv           ;         ;
; mux_21.sv                        ; yes             ; User SystemVerilog HDL File      ; C:/Users/XPC/Documents/GitHub/njohnson_jmarschatz_gconejo_digital_design_lab_2023/Proyecto-Final/mux_21.sv              ;         ;
; altsyncram.tdf                   ; yes             ; Megafunction                     ; c:/intelfpga_lite/22.1std/quartus/libraries/megafunctions/altsyncram.tdf                                                ;         ;
; stratix_ram_block.inc            ; yes             ; Megafunction                     ; c:/intelfpga_lite/22.1std/quartus/libraries/megafunctions/stratix_ram_block.inc                                         ;         ;
; lpm_mux.inc                      ; yes             ; Megafunction                     ; c:/intelfpga_lite/22.1std/quartus/libraries/megafunctions/lpm_mux.inc                                                   ;         ;
; lpm_decode.inc                   ; yes             ; Megafunction                     ; c:/intelfpga_lite/22.1std/quartus/libraries/megafunctions/lpm_decode.inc                                                ;         ;
; aglobal221.inc                   ; yes             ; Megafunction                     ; c:/intelfpga_lite/22.1std/quartus/libraries/megafunctions/aglobal221.inc                                                ;         ;
; a_rdenreg.inc                    ; yes             ; Megafunction                     ; c:/intelfpga_lite/22.1std/quartus/libraries/megafunctions/a_rdenreg.inc                                                 ;         ;
; altrom.inc                       ; yes             ; Megafunction                     ; c:/intelfpga_lite/22.1std/quartus/libraries/megafunctions/altrom.inc                                                    ;         ;
; altram.inc                       ; yes             ; Megafunction                     ; c:/intelfpga_lite/22.1std/quartus/libraries/megafunctions/altram.inc                                                    ;         ;
; altdpram.inc                     ; yes             ; Megafunction                     ; c:/intelfpga_lite/22.1std/quartus/libraries/megafunctions/altdpram.inc                                                  ;         ;
; db/altsyncram_4jo1.tdf           ; yes             ; Auto-Generated Megafunction      ; C:/Users/XPC/Documents/GitHub/njohnson_jmarschatz_gconejo_digital_design_lab_2023/Proyecto-Final/db/altsyncram_4jo1.tdf ;         ;
+----------------------------------+-----------------+----------------------------------+-------------------------------------------------------------------------------------------------------------------------+---------+


+---------------------------------------------------------+
; Analysis & Synthesis Resource Usage Summary             ;
+---------------------------------------------+-----------+
; Resource                                    ; Usage     ;
+---------------------------------------------+-----------+
; Estimate of Logic utilization (ALMs needed) ; 27        ;
;                                             ;           ;
; Combinational ALUT usage for logic          ; 47        ;
;     -- 7 input functions                    ; 0         ;
;     -- 6 input functions                    ; 6         ;
;     -- 5 input functions                    ; 0         ;
;     -- 4 input functions                    ; 1         ;
;     -- <=3 input functions                  ; 40        ;
;                                             ;           ;
; Dedicated logic registers                   ; 34        ;
;                                             ;           ;
; I/O pins                                    ; 21        ;
; Total MLAB memory bits                      ; 0         ;
; Total block memory bits                     ; 64        ;
;                                             ;           ;
; Total DSP Blocks                            ; 0         ;
;                                             ;           ;
; Maximum fan-out node                        ; clk~input ;
; Maximum fan-out                             ; 33        ;
; Total fan-out                               ; 288       ;
; Average fan-out                             ; 2.20      ;
+---------------------------------------------+-----------+


+---------------------------------------------------------------------------------------------------------------------------------------------------------------------------------------------------------------------------------------------------------------------------+
; Analysis & Synthesis Resource Utilization by Entity                                                                                                                                                                                                                       ;
+-------------------------------------------+---------------------+---------------------------+-------------------+------------+------+--------------+-------------------------------------------------------------------------------------+-----------------+--------------+
; Compilation Hierarchy Node                ; Combinational ALUTs ; Dedicated Logic Registers ; Block Memory Bits ; DSP Blocks ; Pins ; Virtual Pins ; Full Hierarchy Name                                                                 ; Entity Name     ; Library Name ;
+-------------------------------------------+---------------------+---------------------------+-------------------+------------+------+--------------+-------------------------------------------------------------------------------------+-----------------+--------------+
; |top_module                               ; 47 (1)              ; 34 (0)                    ; 64                ; 0          ; 21   ; 0            ; |top_module                                                                         ; top_module      ; work         ;
;    |Counter:cont|                         ; 1 (1)               ; 1 (1)                     ; 0                 ; 0          ; 0    ; 0            ; |top_module|Counter:cont                                                            ; Counter         ; work         ;
;    |hhclock:div|                          ; 41 (41)             ; 33 (33)                   ; 0                 ; 0          ; 0    ; 0            ; |top_module|hhclock:div                                                             ; hhclock         ; work         ;
;    |mux_21:mux_addr|                      ; 2 (2)               ; 0 (0)                     ; 0                 ; 0          ; 0    ; 0            ; |top_module|mux_21:mux_addr                                                         ; mux_21          ; work         ;
;    |ram1:mem|                             ; 0 (0)               ; 0 (0)                     ; 64                ; 0          ; 0    ; 0            ; |top_module|ram1:mem                                                                ; ram1            ; work         ;
;       |altsyncram:altsyncram_component|   ; 0 (0)               ; 0 (0)                     ; 64                ; 0          ; 0    ; 0            ; |top_module|ram1:mem|altsyncram:altsyncram_component                                ; altsyncram      ; work         ;
;          |altsyncram_4jo1:auto_generated| ; 0 (0)               ; 0 (0)                     ; 64                ; 0          ; 0    ; 0            ; |top_module|ram1:mem|altsyncram:altsyncram_component|altsyncram_4jo1:auto_generated ; altsyncram_4jo1 ; work         ;
;    |write_mem:escribir|                   ; 2 (2)               ; 0 (0)                     ; 0                 ; 0          ; 0    ; 0            ; |top_module|write_mem:escribir                                                      ; write_mem       ; work         ;
+-------------------------------------------+---------------------+---------------------------+-------------------+------------+------+--------------+-------------------------------------------------------------------------------------+-----------------+--------------+
Note: For table entries with two numbers listed, the numbers in parentheses indicate the number of resources of the given type used by the specific entity alone. The numbers listed outside of parentheses indicate the total resources of the given type used by the specific entity and all of its sub-entities in the hierarchy.


+--------------------------------------------------------------------------------------------------------------------------------------------------------------------------------------------+
; Analysis & Synthesis RAM Summary                                                                                                                                                           ;
+------------------------------------------------------------------------------------+------+-------------+--------------+--------------+--------------+--------------+------+---------------+
; Name                                                                               ; Type ; Mode        ; Port A Depth ; Port A Width ; Port B Depth ; Port B Width ; Size ; MIF           ;
+------------------------------------------------------------------------------------+------+-------------+--------------+--------------+--------------+--------------+------+---------------+
; ram1:mem|altsyncram:altsyncram_component|altsyncram_4jo1:auto_generated|ALTSYNCRAM ; AUTO ; Single Port ; 32           ; 8            ; --           ; --           ; 256  ; ram_data1.mif ;
+------------------------------------------------------------------------------------+------+-------------+--------------+--------------+--------------+--------------+------+---------------+


+--------------------------------------------------------------------------------------------------------+
; Analysis & Synthesis IP Cores Summary                                                                  ;
+--------+--------------+---------+--------------+--------------+----------------------+-----------------+
; Vendor ; IP Core Name ; Version ; Release Date ; License Type ; Entity Instance      ; IP Include File ;
+--------+--------------+---------+--------------+--------------+----------------------+-----------------+
; Altera ; RAM: 1-PORT  ; 22.1    ; N/A          ; N/A          ; |top_module|ram1:mem ; ram1.v          ;
+--------+--------------+---------+--------------+--------------+----------------------+-----------------+


+------------------------------------------------------------+
; Registers Removed During Synthesis                         ;
+---------------------------------------+--------------------+
; Register name                         ; Reason for Removal ;
+---------------------------------------+--------------------+
; Counter:cont|Q[1..7]                  ; Lost fanout        ;
; Total Number of Removed Registers = 7 ;                    ;
+---------------------------------------+--------------------+


+------------------------------------------------------+
; General Register Statistics                          ;
+----------------------------------------------+-------+
; Statistic                                    ; Value ;
+----------------------------------------------+-------+
; Total registers                              ; 34    ;
; Number of registers using Synchronous Clear  ; 31    ;
; Number of registers using Synchronous Load   ; 0     ;
; Number of registers using Asynchronous Clear ; 1     ;
; Number of registers using Asynchronous Load  ; 0     ;
; Number of registers using Clock Enable       ; 0     ;
; Number of registers using Preset             ; 0     ;
+----------------------------------------------+-------+


+--------------------------------------------------+
; Inverted Register Statistics                     ;
+----------------------------------------+---------+
; Inverted Register                      ; Fan out ;
+----------------------------------------+---------+
; hhclock:div|count[0]                   ; 2       ;
; Total number of inverted registers = 1 ;         ;
+----------------------------------------+---------+


+------------------------------------------------------------------------------------------------+
; Source assignments for ram1:mem|altsyncram:altsyncram_component|altsyncram_4jo1:auto_generated ;
+---------------------------------+--------------------+------+----------------------------------+
; Assignment                      ; Value              ; From ; To                               ;
+---------------------------------+--------------------+------+----------------------------------+
; OPTIMIZE_POWER_DURING_SYNTHESIS ; NORMAL_COMPILATION ; -    ; -                                ;
+---------------------------------+--------------------+------+----------------------------------+


+---------------------------------------------------------------------------------------+
; Parameter Settings for User Entity Instance: ram1:mem|altsyncram:altsyncram_component ;
+------------------------------------+----------------------+---------------------------+
; Parameter Name                     ; Value                ; Type                      ;
+------------------------------------+----------------------+---------------------------+
; BYTE_SIZE_BLOCK                    ; 8                    ; Untyped                   ;
; AUTO_CARRY_CHAINS                  ; ON                   ; AUTO_CARRY                ;
; IGNORE_CARRY_BUFFERS               ; OFF                  ; IGNORE_CARRY              ;
; AUTO_CASCADE_CHAINS                ; ON                   ; AUTO_CASCADE              ;
; IGNORE_CASCADE_BUFFERS             ; OFF                  ; IGNORE_CASCADE            ;
; WIDTH_BYTEENA                      ; 1                    ; Untyped                   ;
; OPERATION_MODE                     ; SINGLE_PORT          ; Untyped                   ;
; WIDTH_A                            ; 8                    ; Signed Integer            ;
; WIDTHAD_A                          ; 5                    ; Signed Integer            ;
; NUMWORDS_A                         ; 32                   ; Signed Integer            ;
; OUTDATA_REG_A                      ; UNREGISTERED         ; Untyped                   ;
; ADDRESS_ACLR_A                     ; NONE                 ; Untyped                   ;
; OUTDATA_ACLR_A                     ; NONE                 ; Untyped                   ;
; WRCONTROL_ACLR_A                   ; NONE                 ; Untyped                   ;
; INDATA_ACLR_A                      ; NONE                 ; Untyped                   ;
; BYTEENA_ACLR_A                     ; NONE                 ; Untyped                   ;
; WIDTH_B                            ; 1                    ; Untyped                   ;
; WIDTHAD_B                          ; 1                    ; Untyped                   ;
; NUMWORDS_B                         ; 1                    ; Untyped                   ;
; INDATA_REG_B                       ; CLOCK1               ; Untyped                   ;
; WRCONTROL_WRADDRESS_REG_B          ; CLOCK1               ; Untyped                   ;
; RDCONTROL_REG_B                    ; CLOCK1               ; Untyped                   ;
; ADDRESS_REG_B                      ; CLOCK1               ; Untyped                   ;
; OUTDATA_REG_B                      ; UNREGISTERED         ; Untyped                   ;
; BYTEENA_REG_B                      ; CLOCK1               ; Untyped                   ;
; INDATA_ACLR_B                      ; NONE                 ; Untyped                   ;
; WRCONTROL_ACLR_B                   ; NONE                 ; Untyped                   ;
; ADDRESS_ACLR_B                     ; NONE                 ; Untyped                   ;
; OUTDATA_ACLR_B                     ; NONE                 ; Untyped                   ;
; RDCONTROL_ACLR_B                   ; NONE                 ; Untyped                   ;
; BYTEENA_ACLR_B                     ; NONE                 ; Untyped                   ;
; WIDTH_BYTEENA_A                    ; 1                    ; Signed Integer            ;
; WIDTH_BYTEENA_B                    ; 1                    ; Untyped                   ;
; RAM_BLOCK_TYPE                     ; AUTO                 ; Untyped                   ;
; BYTE_SIZE                          ; 8                    ; Untyped                   ;
; READ_DURING_WRITE_MODE_MIXED_PORTS ; DONT_CARE            ; Untyped                   ;
; READ_DURING_WRITE_MODE_PORT_A      ; NEW_DATA_NO_NBE_READ ; Untyped                   ;
; READ_DURING_WRITE_MODE_PORT_B      ; NEW_DATA_NO_NBE_READ ; Untyped                   ;
; INIT_FILE                          ; ram_data1.mif        ; Untyped                   ;
; INIT_FILE_LAYOUT                   ; PORT_A               ; Untyped                   ;
; MAXIMUM_DEPTH                      ; 0                    ; Untyped                   ;
; CLOCK_ENABLE_INPUT_A               ; BYPASS               ; Untyped                   ;
; CLOCK_ENABLE_INPUT_B               ; NORMAL               ; Untyped                   ;
; CLOCK_ENABLE_OUTPUT_A              ; BYPASS               ; Untyped                   ;
; CLOCK_ENABLE_OUTPUT_B              ; NORMAL               ; Untyped                   ;
; CLOCK_ENABLE_CORE_A                ; USE_INPUT_CLKEN      ; Untyped                   ;
; CLOCK_ENABLE_CORE_B                ; USE_INPUT_CLKEN      ; Untyped                   ;
; ENABLE_ECC                         ; FALSE                ; Untyped                   ;
; ECC_PIPELINE_STAGE_ENABLED         ; FALSE                ; Untyped                   ;
; WIDTH_ECCSTATUS                    ; 3                    ; Untyped                   ;
; DEVICE_FAMILY                      ; Cyclone V            ; Untyped                   ;
; CBXI_PARAMETER                     ; altsyncram_4jo1      ; Untyped                   ;
+------------------------------------+----------------------+---------------------------+
Note: In order to hide this table in the UI and the text report file, please set the "Show Parameter Settings in Synthesis Report" option in "Analysis and Synthesis Settings -> More Settings" to "Off".


+-----------------------------------------------------------+
; Parameter Settings for User Entity Instance: Counter:cont ;
+----------------+-------+----------------------------------+
; Parameter Name ; Value ; Type                             ;
+----------------+-------+----------------------------------+
; N              ; 8     ; Signed Integer                   ;
+----------------+-------+----------------------------------+
Note: In order to hide this table in the UI and the text report file, please set the "Show Parameter Settings in Synthesis Report" option in "Analysis and Synthesis Settings -> More Settings" to "Off".


+--------------------------------------------------------------------------------------+
; altsyncram Parameter Settings by Entity Instance                                     ;
+-------------------------------------------+------------------------------------------+
; Name                                      ; Value                                    ;
+-------------------------------------------+------------------------------------------+
; Number of entity instances                ; 1                                        ;
; Entity Instance                           ; ram1:mem|altsyncram:altsyncram_component ;
;     -- OPERATION_MODE                     ; SINGLE_PORT                              ;
;     -- WIDTH_A                            ; 8                                        ;
;     -- NUMWORDS_A                         ; 32                                       ;
;     -- OUTDATA_REG_A                      ; UNREGISTERED                             ;
;     -- WIDTH_B                            ; 1                                        ;
;     -- NUMWORDS_B                         ; 1                                        ;
;     -- ADDRESS_REG_B                      ; CLOCK1                                   ;
;     -- OUTDATA_REG_B                      ; UNREGISTERED                             ;
;     -- RAM_BLOCK_TYPE                     ; AUTO                                     ;
;     -- READ_DURING_WRITE_MODE_MIXED_PORTS ; DONT_CARE                                ;
+-------------------------------------------+------------------------------------------+


+---------------------------------------------------------------------------------------------------------------------------------------------------------------------+
; Port Connectivity Checks: "mux_21:mux_addr"                                                                                                                         ;
+------+-------+----------+-------------------------------------------------------------------------------------------------------------------------------------------+
; Port ; Type  ; Severity ; Details                                                                                                                                   ;
+------+-------+----------+-------------------------------------------------------------------------------------------------------------------------------------------+
; B    ; Input ; Warning  ; Input port expression (1 bits) is smaller than the input port (8 bits) it drives.  Extra input bit(s) "B[7..1]" will be connected to GND. ;
+------+-------+----------+-------------------------------------------------------------------------------------------------------------------------------------------+


+-------------------------------------------------------------------------------------------------------------------------------------------------+
; Port Connectivity Checks: "Counter:cont"                                                                                                        ;
+------+--------+----------+----------------------------------------------------------------------------------------------------------------------+
; Port ; Type   ; Severity ; Details                                                                                                              ;
+------+--------+----------+----------------------------------------------------------------------------------------------------------------------+
; en   ; Input  ; Info     ; Stuck at VCC                                                                                                         ;
; Q    ; Output ; Warning  ; Output or bidir port (8 bits) is wider than the port expression (1 bits) it drives; bit(s) "Q[7..1]" have no fanouts ;
+------+--------+----------+----------------------------------------------------------------------------------------------------------------------+


+---------------------------------------------------------------------------------------------------------------------------------------------------------------------------------------------------------------+
; Port Connectivity Checks: "ram1:mem"                                                                                                                                                                          ;
+---------+-------+----------+----------------------------------------------------------------------------------------------------------------------------------------------------------------------------------+
; Port    ; Type  ; Severity ; Details                                                                                                                                                                          ;
+---------+-------+----------+----------------------------------------------------------------------------------------------------------------------------------------------------------------------------------+
; address ; Input ; Warning  ; Input port expression (8 bits) is wider than the input port (5 bits) it drives.  The 3 most-significant bit(s) in the expression will be dangling if they have no other fanouts. ;
+---------+-------+----------+----------------------------------------------------------------------------------------------------------------------------------------------------------------------------------+


+-----------------------------------------------------+
; Post-Synthesis Netlist Statistics for Top Partition ;
+-----------------------+-----------------------------+
; Type                  ; Count                       ;
+-----------------------+-----------------------------+
; arriav_ff             ; 34                          ;
;     CLR               ; 1                           ;
;     SCLR              ; 31                          ;
;     plain             ; 2                           ;
; arriav_lcell_comb     ; 47                          ;
;     arith             ; 32                          ;
;         1 data inputs ; 32                          ;
;     normal            ; 15                          ;
;         0 data inputs ; 1                           ;
;         1 data inputs ; 2                           ;
;         2 data inputs ; 3                           ;
;         3 data inputs ; 2                           ;
;         4 data inputs ; 1                           ;
;         6 data inputs ; 6                           ;
; boundary_port         ; 21                          ;
; stratixv_ram_block    ; 8                           ;
;                       ;                             ;
; Max LUT depth         ; 4.10                        ;
; Average LUT depth     ; 2.79                        ;
+-----------------------+-----------------------------+


+-------------------------------+
; Elapsed Time Per Partition    ;
+----------------+--------------+
; Partition Name ; Elapsed Time ;
+----------------+--------------+
; Top            ; 00:00:00     ;
+----------------+--------------+


+-------------------------------+
; Analysis & Synthesis Messages ;
+-------------------------------+
Info: *******************************************************************
Info: Running Quartus Prime Analysis & Synthesis
    Info: Version 22.1std.1 Build 917 02/14/2023 SC Lite Edition
    Info: Processing started: Fri Oct 27 13:39:11 2023
Info: Command: quartus_map --read_settings_files=on --write_settings_files=off Filtro-de-imagenes -c Filtro-de-imagenes
Warning (18236): Number of processors has not been specified which may cause overloading on shared machines.  Set the global assignment NUM_PARALLEL_PROCESSORS in your QSF to an appropriate value for best performance.
Info (20030): Parallel compilation is enabled and will use 6 of the 6 processors detected
Info (12021): Found 1 design units, including 1 entities, in source file ram1.v
    Info (12023): Found entity 1: ram1 File: C:/Users/XPC/Documents/GitHub/njohnson_jmarschatz_gconejo_digital_design_lab_2023/Proyecto-Final/ram1.v Line: 40
Info (12021): Found 1 design units, including 1 entities, in source file top_module.sv
    Info (12023): Found entity 1: top_module File: C:/Users/XPC/Documents/GitHub/njohnson_jmarschatz_gconejo_digital_design_lab_2023/Proyecto-Final/top_module.sv Line: 1
Info (12021): Found 1 design units, including 1 entities, in source file counter.sv
    Info (12023): Found entity 1: Counter File: C:/Users/XPC/Documents/GitHub/njohnson_jmarschatz_gconejo_digital_design_lab_2023/Proyecto-Final/Counter.sv Line: 1
Info (12021): Found 1 design units, including 1 entities, in source file hhclock.sv
    Info (12023): Found entity 1: hhclock File: C:/Users/XPC/Documents/GitHub/njohnson_jmarschatz_gconejo_digital_design_lab_2023/Proyecto-Final/hhclock.sv Line: 1
Info (12021): Found 1 design units, including 1 entities, in source file write_mem.sv
    Info (12023): Found entity 1: write_mem File: C:/Users/XPC/Documents/GitHub/njohnson_jmarschatz_gconejo_digital_design_lab_2023/Proyecto-Final/write_mem.sv Line: 1
Info (12021): Found 1 design units, including 1 entities, in source file mux_21.sv
    Info (12023): Found entity 1: mux_21 File: C:/Users/XPC/Documents/GitHub/njohnson_jmarschatz_gconejo_digital_design_lab_2023/Proyecto-Final/mux_21.sv Line: 1
Info (12021): Found 1 design units, including 1 entities, in source file ram_tb.sv
    Info (12023): Found entity 1: ram_tb File: C:/Users/XPC/Documents/GitHub/njohnson_jmarschatz_gconejo_digital_design_lab_2023/Proyecto-Final/ram_tb.sv Line: 1
Warning (10236): Verilog HDL Implicit Net warning at top_module.sv(13): created implicit net for "addr_cont" File: C:/Users/XPC/Documents/GitHub/njohnson_jmarschatz_gconejo_digital_design_lab_2023/Proyecto-Final/top_module.sv Line: 13
Info (12127): Elaborating entity "top_module" for the top level hierarchy
Info (12128): Elaborating entity "ram1" for hierarchy "ram1:mem" File: C:/Users/XPC/Documents/GitHub/njohnson_jmarschatz_gconejo_digital_design_lab_2023/Proyecto-Final/top_module.sv Line: 12
Info (12128): Elaborating entity "altsyncram" for hierarchy "ram1:mem|altsyncram:altsyncram_component" File: C:/Users/XPC/Documents/GitHub/njohnson_jmarschatz_gconejo_digital_design_lab_2023/Proyecto-Final/ram1.v Line: 86
Info (12130): Elaborated megafunction instantiation "ram1:mem|altsyncram:altsyncram_component" File: C:/Users/XPC/Documents/GitHub/njohnson_jmarschatz_gconejo_digital_design_lab_2023/Proyecto-Final/ram1.v Line: 86
Info (12133): Instantiated megafunction "ram1:mem|altsyncram:altsyncram_component" with the following parameter: File: C:/Users/XPC/Documents/GitHub/njohnson_jmarschatz_gconejo_digital_design_lab_2023/Proyecto-Final/ram1.v Line: 86
    Info (12134): Parameter "clock_enable_input_a" = "BYPASS"
    Info (12134): Parameter "clock_enable_output_a" = "BYPASS"
    Info (12134): Parameter "init_file" = "ram_data1.mif"
    Info (12134): Parameter "intended_device_family" = "Cyclone V"
    Info (12134): Parameter "lpm_hint" = "ENABLE_RUNTIME_MOD=NO"
    Info (12134): Parameter "lpm_type" = "altsyncram"
    Info (12134): Parameter "numwords_a" = "32"
    Info (12134): Parameter "operation_mode" = "SINGLE_PORT"
    Info (12134): Parameter "outdata_aclr_a" = "NONE"
    Info (12134): Parameter "outdata_reg_a" = "UNREGISTERED"
    Info (12134): Parameter "power_up_uninitialized" = "FALSE"
    Info (12134): Parameter "read_during_write_mode_port_a" = "NEW_DATA_NO_NBE_READ"
    Info (12134): Parameter "widthad_a" = "5"
    Info (12134): Parameter "width_a" = "8"
    Info (12134): Parameter "width_byteena_a" = "1"
Info (12021): Found 1 design units, including 1 entities, in source file db/altsyncram_4jo1.tdf
    Info (12023): Found entity 1: altsyncram_4jo1 File: C:/Users/XPC/Documents/GitHub/njohnson_jmarschatz_gconejo_digital_design_lab_2023/Proyecto-Final/db/altsyncram_4jo1.tdf Line: 28
Info (12128): Elaborating entity "altsyncram_4jo1" for hierarchy "ram1:mem|altsyncram:altsyncram_component|altsyncram_4jo1:auto_generated" File: c:/intelfpga_lite/22.1std/quartus/libraries/megafunctions/altsyncram.tdf Line: 792
Info (12128): Elaborating entity "Counter" for hierarchy "Counter:cont" File: C:/Users/XPC/Documents/GitHub/njohnson_jmarschatz_gconejo_digital_design_lab_2023/Proyecto-Final/top_module.sv Line: 13
Info (12128): Elaborating entity "hhclock" for hierarchy "hhclock:div" File: C:/Users/XPC/Documents/GitHub/njohnson_jmarschatz_gconejo_digital_design_lab_2023/Proyecto-Final/top_module.sv Line: 14
Info (12128): Elaborating entity "write_mem" for hierarchy "write_mem:escribir" File: C:/Users/XPC/Documents/GitHub/njohnson_jmarschatz_gconejo_digital_design_lab_2023/Proyecto-Final/top_module.sv Line: 15
Info (12128): Elaborating entity "mux_21" for hierarchy "mux_21:mux_addr" File: C:/Users/XPC/Documents/GitHub/njohnson_jmarschatz_gconejo_digital_design_lab_2023/Proyecto-Final/top_module.sv Line: 16
Warning (12241): 3 hierarchies have connectivity warnings - see the Connectivity Checks report folder
Warning (13024): Output pins are stuck at VCC or GND
    Warning (13410): Pin "address[3]" is stuck at GND File: C:/Users/XPC/Documents/GitHub/njohnson_jmarschatz_gconejo_digital_design_lab_2023/Proyecto-Final/top_module.sv Line: 6
    Warning (13410): Pin "address[4]" is stuck at GND File: C:/Users/XPC/Documents/GitHub/njohnson_jmarschatz_gconejo_digital_design_lab_2023/Proyecto-Final/top_module.sv Line: 6
    Warning (13410): Pin "address[5]" is stuck at GND File: C:/Users/XPC/Documents/GitHub/njohnson_jmarschatz_gconejo_digital_design_lab_2023/Proyecto-Final/top_module.sv Line: 6
    Warning (13410): Pin "address[6]" is stuck at GND File: C:/Users/XPC/Documents/GitHub/njohnson_jmarschatz_gconejo_digital_design_lab_2023/Proyecto-Final/top_module.sv Line: 6
    Warning (13410): Pin "address[7]" is stuck at GND File: C:/Users/XPC/Documents/GitHub/njohnson_jmarschatz_gconejo_digital_design_lab_2023/Proyecto-Final/top_module.sv Line: 6
Info (286030): Timing-Driven Synthesis is running
Info (17049): 7 registers lost all their fanouts during netlist optimizations.
Info (17036): Removed 2 MSB VCC or GND address nodes from RAM block "ram1:mem|altsyncram:altsyncram_component|altsyncram_4jo1:auto_generated|ALTSYNCRAM" File: C:/Users/XPC/Documents/GitHub/njohnson_jmarschatz_gconejo_digital_design_lab_2023/Proyecto-Final/db/altsyncram_4jo1.tdf Line: 33
Info (16010): Generating hard_block partition "hard_block:auto_generated_inst"
    Info (16011): Adding 0 node(s), including 0 DDIO, 0 PLL, 0 transceiver and 0 LCELL
Info (21057): Implemented 76 device resources after synthesis - the final resource count might be different
    Info (21058): Implemented 5 input pins
    Info (21059): Implemented 16 output pins
    Info (21061): Implemented 47 logic cells
    Info (21064): Implemented 8 RAM segments
Info: Quartus Prime Analysis & Synthesis was successful. 0 errors, 9 warnings
    Info: Peak virtual memory: 4872 megabytes
    Info: Processing ended: Fri Oct 27 13:39:20 2023
    Info: Elapsed time: 00:00:09
    Info: Total CPU time (on all processors): 00:00:22


