Flow report for Lab2-Experimento3
Thu Aug 24 21:17:53 2023
Quartus Prime Version 22.1std.1 Build 917 02/14/2023 SC Lite Edition


---------------------
; Table of Contents ;
---------------------
  1. Legal Notice
  2. Flow Summary
  3. Flow Settings
  4. Flow Non-Default Global Settings
  5. Flow Elapsed Time
  6. Flow OS Summary
  7. Flow Log
  8. Flow Messages
  9. Flow Suppressed Messages



----------------
; Legal Notice ;
----------------
Copyright (C) 2023  Intel Corporation. All rights reserved.
Your use of Intel Corporation's design tools, logic functions 
and other software and tools, and any partner logic 
functions, and any output files from any of the foregoing 
(including device programming or simulation files), and any 
associated documentation or information are expressly subject 
to the terms and conditions of the Intel Program License 
Subscription Agreement, the Intel Quartus Prime License Agreement,
the Intel FPGA IP License Agreement, or other applicable license
agreement, including, without limitation, that your use is for
the sole purpose of programming logic devices manufactured by
Intel and sold by Intel or its authorized distributors.  Please
refer to the applicable agreement for further details, at
https://fpgasoftware.intel.com/eula.



+----------------------------------------------------------------------------------+
; Flow Summary                                                                     ;
+---------------------------------+------------------------------------------------+
; Flow Status                     ; Successful - Thu Aug 24 21:17:53 2023          ;
; Quartus Prime Version           ; 22.1std.1 Build 917 02/14/2023 SC Lite Edition ;
; Revision Name                   ; Lab2-Experimento3                              ;
; Top-level Entity Name           ; contadorN_bits                                 ;
; Family                          ; Cyclone V                                      ;
; Device                          ; 5CSEMA5F31C6                                   ;
; Timing Models                   ; Final                                          ;
; Logic utilization (in ALMs)     ; 9 / 32,070 ( < 1 % )                           ;
; Total registers                 ; 9                                              ;
; Total pins                      ; 22 / 457 ( 5 % )                               ;
; Total virtual pins              ; 0                                              ;
; Total block memory bits         ; 0 / 4,065,280 ( 0 % )                          ;
; Total DSP Blocks                ; 0 / 87 ( 0 % )                                 ;
; Total HSSI RX PCSs              ; 0                                              ;
; Total HSSI PMA RX Deserializers ; 0                                              ;
; Total HSSI TX PCSs              ; 0                                              ;
; Total HSSI PMA TX Serializers   ; 0                                              ;
; Total PLLs                      ; 0 / 6 ( 0 % )                                  ;
; Total DLLs                      ; 0 / 4 ( 0 % )                                  ;
+---------------------------------+------------------------------------------------+


+-----------------------------------------+
; Flow Settings                           ;
+-------------------+---------------------+
; Option            ; Setting             ;
+-------------------+---------------------+
; Start date & time ; 08/24/2023 21:17:02 ;
; Main task         ; Compilation         ;
; Revision Name     ; Lab2-Experimento3   ;
+-------------------+---------------------+


+----------------------------------------------------------------------------------------------------------------------------------------+
; Flow Non-Default Global Settings                                                                                                       ;
+--------------------------------------+----------------------------------------+-------------------+----------------+-------------------+
; Assignment Name                      ; Value                                  ; Default Value     ; Entity Name    ; Section Id        ;
+--------------------------------------+----------------------------------------+-------------------+----------------+-------------------+
; COMPILER_SIGNATURE_ID                ; 185410942947171.169293342208788        ; --                ; --             ; --                ;
; EDA_DESIGN_INSTANCE_NAME             ; NA                                     ; --                ; --             ; contadorN_bits_tb ;
; EDA_NATIVELINK_SIMULATION_TEST_BENCH ; contadorN_bits_tb                      ; --                ; --             ; eda_simulation    ;
; EDA_OUTPUT_DATA_FORMAT               ; Systemverilog Hdl                      ; --                ; --             ; eda_simulation    ;
; EDA_SIMULATION_TOOL                  ; ModelSim (SystemVerilog)               ; <None>            ; --             ; --                ;
; EDA_TEST_BENCH_ENABLE_STATUS         ; TEST_BENCH_MODE                        ; --                ; --             ; eda_simulation    ;
; EDA_TEST_BENCH_FILE                  ; contadorN_bits_tb.sv                   ; --                ; --             ; contadorN_bits_tb ;
; EDA_TEST_BENCH_MODULE_NAME           ; contadorN_bits_tb                      ; --                ; --             ; contadorN_bits_tb ;
; EDA_TEST_BENCH_NAME                  ; contadorN_bits_tb                      ; --                ; --             ; eda_simulation    ;
; EDA_TIME_SCALE                       ; 1 ps                                   ; --                ; --             ; eda_simulation    ;
; MAX_CORE_JUNCTION_TEMP               ; 85                                     ; --                ; --             ; --                ;
; MIN_CORE_JUNCTION_TEMP               ; 0                                      ; --                ; --             ; --                ;
; PARTITION_COLOR                      ; -- (Not supported for targeted family) ; --                ; contadorN_bits ; Top               ;
; PARTITION_FITTER_PRESERVATION_LEVEL  ; -- (Not supported for targeted family) ; --                ; contadorN_bits ; Top               ;
; PARTITION_NETLIST_TYPE               ; -- (Not supported for targeted family) ; --                ; contadorN_bits ; Top               ;
; POWER_BOARD_THERMAL_MODEL            ; None (CONSERVATIVE)                    ; --                ; --             ; --                ;
; POWER_PRESET_COOLING_SOLUTION        ; 23 MM HEAT SINK WITH 200 LFPM AIRFLOW  ; --                ; --             ; --                ;
; PROJECT_OUTPUT_DIRECTORY             ; output_files                           ; --                ; --             ; --                ;
; TOP_LEVEL_ENTITY                     ; contadorN_bits                         ; Lab2-Experimento3 ; --             ; --                ;
+--------------------------------------+----------------------------------------+-------------------+----------------+-------------------+


+--------------------------------------------------------------------------------------------------------------------------+
; Flow Elapsed Time                                                                                                        ;
+----------------------+--------------+-------------------------+---------------------+------------------------------------+
; Module Name          ; Elapsed Time ; Average Processors Used ; Peak Virtual Memory ; Total CPU Time (on all processors) ;
+----------------------+--------------+-------------------------+---------------------+------------------------------------+
; Analysis & Synthesis ; 00:00:07     ; 1.0                     ; 4850 MB             ; 00:00:18                           ;
; Fitter               ; 00:00:30     ; 1.0                     ; 6726 MB             ; 00:01:18                           ;
; Assembler            ; 00:00:05     ; 1.0                     ; 4878 MB             ; 00:00:05                           ;
; Timing Analyzer      ; 00:00:04     ; 1.0                     ; 5165 MB             ; 00:00:04                           ;
; EDA Netlist Writer   ; 00:00:01     ; 1.0                     ; 4726 MB             ; 00:00:01                           ;
; Total                ; 00:00:47     ; --                      ; --                  ; 00:01:46                           ;
+----------------------+--------------+-------------------------+---------------------+------------------------------------+


+------------------------------------------------------------------------------------+
; Flow OS Summary                                                                    ;
+----------------------+------------------+------------+------------+----------------+
; Module Name          ; Machine Hostname ; OS Name    ; OS Version ; Processor type ;
+----------------------+------------------+------------+------------+----------------+
; Analysis & Synthesis ; DESKTOP-N4CT73P  ; Windows 10 ; 10.0       ; x86_64         ;
; Fitter               ; DESKTOP-N4CT73P  ; Windows 10 ; 10.0       ; x86_64         ;
; Assembler            ; DESKTOP-N4CT73P  ; Windows 10 ; 10.0       ; x86_64         ;
; Timing Analyzer      ; DESKTOP-N4CT73P  ; Windows 10 ; 10.0       ; x86_64         ;
; EDA Netlist Writer   ; DESKTOP-N4CT73P  ; Windows 10 ; 10.0       ; x86_64         ;
+----------------------+------------------+------------+------------+----------------+


------------
; Flow Log ;
------------
quartus_map --read_settings_files=on --write_settings_files=off Lab2-Experimento3 -c Lab2-Experimento3
quartus_fit --read_settings_files=off --write_settings_files=off Lab2-Experimento3 -c Lab2-Experimento3
quartus_asm --read_settings_files=off --write_settings_files=off Lab2-Experimento3 -c Lab2-Experimento3
quartus_sta Lab2-Experimento3 -c Lab2-Experimento3
quartus_eda --read_settings_files=off --write_settings_files=off Lab2-Experimento3 -c Lab2-Experimento3



